# project ns (3.9) configured on Fri Mar 29 00:34:05 2013 by
# waf 1.5.16 (abi 7, python 20703f0 on linux2)
# using ../waf
#

----------------------------------------
Checking for program gcc or cc
  find program=['gcc', 'cc'] paths=[] var='CC'
  -> '/usr/bin/gcc'

----------------------------------------
Checking for program cpp
  find program=['cpp'] paths=[] var='CPP'
  -> '/usr/bin/cpp'

----------------------------------------
Checking for program ar
  find program=['ar'] paths=[] var='AR'
  -> '/usr/bin/ar'

----------------------------------------
Checking for program ranlib
  find program=['ranlib'] paths=[] var='RANLIB'
  -> '/usr/bin/ranlib'

----------------------------------------
Checking for gcc 
ok 

----------------------------------------
Checking for program g++ or c++
  find program=['g++', 'c++'] paths=[] var='CXX'
  -> '/usr/bin/g++'

----------------------------------------
Checking for program ar
  find program=['ar'] paths=[] var='AR'
  -> '/usr/bin/ar'

----------------------------------------
Checking for program ranlib
  find program=['ranlib'] paths=[] var='RANLIB'
  -> '/usr/bin/ranlib'

----------------------------------------
Checking for g++ 
ok 

----------------------------------------
Checking for program pkg-config
  find program=['pkg-config'] paths=[] var='PKG_CONFIG'
  -> '/usr/bin/pkg-config'

-----------------------------------------
Checking for regression reference traces 
not found
==>
#include <stdio.h>
int main() { return 0; }

<==
[1/2] [32mcxx: ../build/.conf_check_0/test.cc -> ../build/.conf_check_0/testbuild/debug/test_1.o
[0m['/usr/bin/g++', '-O0', '-ggdb', '-g3', '-Wl,--soname=foo', '-Idebug', '-I..', '-D_DEBUG', '-DNS3_ASSERT_ENABLE', '-DNS3_LOG_ENABLE', '../test.cc', '-c', '-o', 'debug/test_1.o']
[2/2] [33mcxx_link: ../build/.conf_check_0/testbuild/debug/test_1.o -> ../build/.conf_check_0/testbuild/debug/testprog
[0m['/usr/bin/g++', 'debug/test_1.o', '-o', '/home/user/NetBeansProjects/cis553_proj2/build/.conf_check_0/testbuild/debug/testprog']

-----------------------------------------
Checking for -Wl,--soname=foo support
yes

-----------------------------------------
Checking for header stdlib.h
==>
#include <stdlib.h>

int main() {
	return 0;
}

<==
[1/2] [32mcxx: ../build/.conf_check_0/test.cpp -> ../build/.conf_check_0/testbuild/debug/test_1.o
[0m['/usr/bin/g++', '-O0', '-ggdb', '-g3', '-Idebug', '-I..', '-D_DEBUG', '-DNS3_ASSERT_ENABLE', '-DNS3_LOG_ENABLE', '../test.cpp', '-c', '-o', 'debug/test_1.o']
[2/2] [33mcxx_link: ../build/.conf_check_0/testbuild/debug/test_1.o -> ../build/.conf_check_0/testbuild/debug/testprog
[0m['/usr/bin/g++', 'debug/test_1.o', '-o', '/home/user/NetBeansProjects/cis553_proj2/build/.conf_check_0/testbuild/debug/testprog']
yes

-----------------------------------------
Checking for header signal.h
==>
#include <signal.h>

int main() {
	return 0;
}

<==
[1/2] [32mcxx: ../build/.conf_check_0/test.cpp -> ../build/.conf_check_0/testbuild/debug/test_1.o
[0m['/usr/bin/g++', '-O0', '-ggdb', '-g3', '-Idebug', '-I..', '-D_DEBUG', '-DNS3_ASSERT_ENABLE', '-DNS3_LOG_ENABLE', '../test.cpp', '-c', '-o', 'debug/test_1.o']
[2/2] [33mcxx_link: ../build/.conf_check_0/testbuild/debug/test_1.o -> ../build/.conf_check_0/testbuild/debug/testprog
[0m['/usr/bin/g++', 'debug/test_1.o', '-o', '/home/user/NetBeansProjects/cis553_proj2/build/.conf_check_0/testbuild/debug/testprog']
yes

-----------------------------------------
Checking for header pthread.h
==>

#include <pthread.h>
int main ()
{
   pthread_mutex_t m;
   pthread_mutex_init (&m, NULL);
   return 0;
}

<==
[1/2] [32mcxx: ../build/.conf_check_0/test.cpp -> ../build/.conf_check_0/testbuild/debug/test_1.o
[0m['/usr/bin/g++', '-O0', '-ggdb', '-g3', '-pthread', '-Idebug', '-I..', '-D_DEBUG', '-DNS3_ASSERT_ENABLE', '-DNS3_LOG_ENABLE', '../test.cpp', '-c', '-o', 'debug/test_1.o']
[2/2] [33mcxx_link: ../build/.conf_check_0/testbuild/debug/test_1.o -> ../build/.conf_check_0/testbuild/debug/testprog
[0m['/usr/bin/g++', 'debug/test_1.o', '-o', '/home/user/NetBeansProjects/cis553_proj2/build/.conf_check_0/testbuild/debug/testprog', '-pthread']
yes

-----------------------------------------
Checking for type uint128_t
==>
#include <stdint.h>

int main() {
	if ((uint128_t *) 0) return 0;
	if (sizeof (uint128_t)) return 0;
}

<==
[1/2] [32mcxx: ../build/.conf_check_0/test.cpp -> ../build/.conf_check_0/testbuild/debug/test_1.o
[0m../test.cpp: In function ‘int main()’:
../test.cpp:4:7: error: ‘uint128_t’ was not declared in this scope
../test.cpp:4:18: error: expected primary-expression before ‘)’ token
../test.cpp:4:20: error: expected ‘)’ before numeric constant
../test.cpp:5:14: error: ‘uint128_t’ was not declared in this scope
['/usr/bin/g++', '-O0', '-ggdb', '-g3', '-Idebug', '-I..', '-D_DEBUG', '-DNS3_ASSERT_ENABLE', '-DNS3_LOG_ENABLE', '../test.cpp', '-c', '-o', 'debug/test_1.o']
command returned 'Build failed:  -> task failed (err #1): \n\t{task: cxx test.cpp -> test_1.o}'not found

-----------------------------------------
Checking for type __uint128_t
==>
#include <stdint.h>

int main() {
	if ((__uint128_t *) 0) return 0;
	if (sizeof (__uint128_t)) return 0;
}

<==
[1/2] [32mcxx: ../build/.conf_check_0/test.cpp -> ../build/.conf_check_0/testbuild/debug/test_1.o
[0m../test.cpp: In function ‘int main()’:
../test.cpp:4:7: error: ‘__uint128_t’ was not declared in this scope
../test.cpp:4:20: error: expected primary-expression before ‘)’ token
../test.cpp:4:22: error: expected ‘)’ before numeric constant
../test.cpp:5:14: error: ‘__uint128_t’ was not declared in this scope
['/usr/bin/g++', '-O0', '-ggdb', '-g3', '-Idebug', '-I..', '-D_DEBUG', '-DNS3_ASSERT_ENABLE', '-DNS3_LOG_ENABLE', '../test.cpp', '-c', '-o', 'debug/test_1.o']
command returned 'Build failed:  -> task failed (err #1): \n\t{task: cxx test.cpp -> test_1.o}'not found

-----------------------------------------------
Checking for high precision time implementation
cairo 128-bit integer

-----------------------------------------------
Checking for header stdint.h
==>
#include <stdint.h>

int main() {
	return 0;
}

<==
[1/2] [32mcxx: ../build/.conf_check_0/test.cpp -> ../build/.conf_check_0/testbuild/debug/test_1.o
[0m['/usr/bin/g++', '-O0', '-ggdb', '-g3', '-Idebug', '-I..', '-D_DEBUG', '-DNS3_ASSERT_ENABLE', '-DNS3_LOG_ENABLE', '../test.cpp', '-c', '-o', 'debug/test_1.o']
[2/2] [33mcxx_link: ../build/.conf_check_0/testbuild/debug/test_1.o -> ../build/.conf_check_0/testbuild/debug/testprog
[0m['/usr/bin/g++', 'debug/test_1.o', '-o', '/home/user/NetBeansProjects/cis553_proj2/build/.conf_check_0/testbuild/debug/testprog']
yes

-----------------------------------------------
Checking for header inttypes.h
==>
#include <inttypes.h>

int main() {
	return 0;
}

<==
[1/2] [32mcxx: ../build/.conf_check_0/test.cpp -> ../build/.conf_check_0/testbuild/debug/test_1.o
[0m['/usr/bin/g++', '-O0', '-ggdb', '-g3', '-Idebug', '-I..', '-D_DEBUG', '-DNS3_ASSERT_ENABLE', '-DNS3_LOG_ENABLE', '../test.cpp', '-c', '-o', 'debug/test_1.o']
[2/2] [33mcxx_link: ../build/.conf_check_0/testbuild/debug/test_1.o -> ../build/.conf_check_0/testbuild/debug/testprog
[0m['/usr/bin/g++', 'debug/test_1.o', '-o', '/home/user/NetBeansProjects/cis553_proj2/build/.conf_check_0/testbuild/debug/testprog']
yes

-----------------------------------------------
Checking for header sys/inttypes.h
==>
#include <sys/inttypes.h>

int main() {
	return 0;
}

<==
[1/2] [32mcxx: ../build/.conf_check_0/test.cpp -> ../build/.conf_check_0/testbuild/debug/test_1.o
[0m../test.cpp:1:26: fatal error: sys/inttypes.h: No such file or directory
compilation terminated.
['/usr/bin/g++', '-O0', '-ggdb', '-g3', '-Idebug', '-I..', '-D_DEBUG', '-DNS3_ASSERT_ENABLE', '-DNS3_LOG_ENABLE', '../test.cpp', '-c', '-o', 'debug/test_1.o']
command returned 'Build failed:  -> task failed (err #1): \n\t{task: cxx test.cpp -> test_1.o}'not found

-----------------------------------------------
Checking for library rt
==>

int main() {
	return 0;
}

<==
[1/2] [32mcxx: ../build/.conf_check_0/test.cpp -> ../build/.conf_check_0/testbuild/debug/test_1.o
[0m['/usr/bin/g++', '-O0', '-ggdb', '-g3', '-Idebug', '-I..', '-D_DEBUG', '-DNS3_ASSERT_ENABLE', '-DNS3_LOG_ENABLE', '../test.cpp', '-c', '-o', 'debug/test_1.o']
[2/2] [33mcxx_link: ../build/.conf_check_0/testbuild/debug/test_1.o -> ../build/.conf_check_0/testbuild/debug/testprog
[0m['/usr/bin/g++', 'debug/test_1.o', '-o', '/home/user/NetBeansProjects/cis553_proj2/build/.conf_check_0/testbuild/debug/testprog', '-Wl,-Bdynamic', '-lrt']
yes

-----------------------------------------------
Checking for header netpacket/packet.h
==>
#include <netpacket/packet.h>

int main() {
	return 0;
}

<==
[1/2] [32mcxx: ../build/.conf_check_0/test.cpp -> ../build/.conf_check_0/testbuild/debug/test_1.o
[0m['/usr/bin/g++', '-O0', '-ggdb', '-g3', '-Idebug', '-I..', '-D_DEBUG', '-DNS3_ASSERT_ENABLE', '-DNS3_LOG_ENABLE', '../test.cpp', '-c', '-o', 'debug/test_1.o']
[2/2] [33mcxx_link: ../build/.conf_check_0/testbuild/debug/test_1.o -> ../build/.conf_check_0/testbuild/debug/testprog
[0m['/usr/bin/g++', 'debug/test_1.o', '-o', '/home/user/NetBeansProjects/cis553_proj2/build/.conf_check_0/testbuild/debug/testprog']
yes

-----------------------------------------------
Checking for header linux/if_tun.h
==>
#include <linux/if_tun.h>

int main() {
	return 0;
}

<==
[1/2] [32mcxx: ../build/.conf_check_0/test.cpp -> ../build/.conf_check_0/testbuild/debug/test_1.o
[0m['/usr/bin/g++', '-O0', '-ggdb', '-g3', '-Idebug', '-I..', '-D_DEBUG', '-DNS3_ASSERT_ENABLE', '-DNS3_LOG_ENABLE', '../test.cpp', '-c', '-o', 'debug/test_1.o']
[2/2] [33mcxx_link: ../build/.conf_check_0/testbuild/debug/test_1.o -> ../build/.conf_check_0/testbuild/debug/testprog
[0m['/usr/bin/g++', 'debug/test_1.o', '-o', '/home/user/NetBeansProjects/cis553_proj2/build/.conf_check_0/testbuild/debug/testprog']
yes

---------------------------------------------------
Checking for pkg-config flags for GTK_CONFIG_STORE 
not found
['/usr/bin/pkg-config', '--cflags', '--libs', 'gtk+-2.0 >= 2.12']: '' (exit code 1)

---------------------------------------------------
Checking for pkg-config flags for LIBXML2 
ok 
['/usr/bin/pkg-config', '--cflags', '--libs', 'libxml-2.0 >= 2.6']: '-I/usr/include/libxml2  -lxml2  \n' (exit code 0)

---------------------------------------------------
Checking for library sqlite3
==>

int main() {
	return 0;
}

<==
[1/2] [32mcxx: ../build/.conf_check_0/test.cpp -> ../build/.conf_check_0/testbuild/debug/test_1.o
[0m['/usr/bin/g++', '-O0', '-ggdb', '-g3', '-Idebug', '-I..', '-D_DEBUG', '-DNS3_ASSERT_ENABLE', '-DNS3_LOG_ENABLE', '../test.cpp', '-c', '-o', 'debug/test_1.o']
[2/2] [33mcxx_link: ../build/.conf_check_0/testbuild/debug/test_1.o -> ../build/.conf_check_0/testbuild/debug/testprog
[0m['/usr/bin/g++', 'debug/test_1.o', '-o', '/home/user/NetBeansProjects/cis553_proj2/build/.conf_check_0/testbuild/debug/testprog', '-Wl,-Bdynamic', '-lsqlite3']
yes

---------------------------------------------------
Checking for NSC location 
not found

---------------------------------------------------
Checking for header sys/socket.h
==>
#include <sys/socket.h>

int main() {
	return 0;
}

<==
[1/2] [32mcxx: ../build/.conf_check_0/test.cpp -> ../build/.conf_check_0/testbuild/debug/test_1.o
[0m['/usr/bin/g++', '-O0', '-ggdb', '-g3', '-Idebug', '-I..', '-D_DEBUG', '-DNS3_ASSERT_ENABLE', '-DNS3_LOG_ENABLE', '../test.cpp', '-c', '-o', 'debug/test_1.o']
[2/2] [33mcxx_link: ../build/.conf_check_0/testbuild/debug/test_1.o -> ../build/.conf_check_0/testbuild/debug/testprog
[0m['/usr/bin/g++', 'debug/test_1.o', '-o', '/home/user/NetBeansProjects/cis553_proj2/build/.conf_check_0/testbuild/debug/testprog']
yes

---------------------------------------------------
Checking for header netinet/in.h
==>
#include <netinet/in.h>

int main() {
	return 0;
}

<==
[1/2] [32mcxx: ../build/.conf_check_0/test.cpp -> ../build/.conf_check_0/testbuild/debug/test_1.o
[0m['/usr/bin/g++', '-O0', '-ggdb', '-g3', '-Idebug', '-I..', '-D_DEBUG', '-DNS3_ASSERT_ENABLE', '-DNS3_LOG_ENABLE', '../test.cpp', '-c', '-o', 'debug/test_1.o']
[2/2] [33mcxx_link: ../build/.conf_check_0/testbuild/debug/test_1.o -> ../build/.conf_check_0/testbuild/debug/testprog
[0m['/usr/bin/g++', 'debug/test_1.o', '-o', '/home/user/NetBeansProjects/cis553_proj2/build/.conf_check_0/testbuild/debug/testprog']
yes

---------------------------------------------------
Checking for program python
  find program=['python'] paths=[] var='PYTHON'
  -> '/usr/bin/python'

---------------------------------------------------
Checking for Python version >= 2.3
ok 2.7.3
Configuration returned from '/usr/bin/python':
python_prefix = '/usr'
python_SO = '.so'
python_SYSLIBS = '-lm'
python_LDFLAGS = '-Wl,-Bsymbolic-functions -Wl,-z,relro'
python_SHLIBS = '-lpthread -ldl  -lutil'
python_LIBDIR = '/usr/lib'
python_LIBPL = '/usr/lib/python2.7/config'
INCLUDEPY = '/usr/include/python2.7'
Py_ENABLE_SHARED = 0
MACOSX_DEPLOYMENT_TARGET = ''


# Trying LIBDIR: ['/usr/lib']

---------------------------------------------------
Checking for library python2.7
==>

int main() {
	return 0;
}

<==
[1/2] [32mcxx: ../build/.conf_check_0/test.cpp -> ../build/.conf_check_0/testbuild/debug/test_1.o
[0m['/usr/bin/g++', '-O0', '-ggdb', '-g3', '-Idebug', '-I..', '-D_DEBUG', '-DNS3_ASSERT_ENABLE', '-DNS3_LOG_ENABLE', '../test.cpp', '-c', '-o', 'debug/test_1.o']
[2/2] [33mcxx_link: ../build/.conf_check_0/testbuild/debug/test_1.o -> ../build/.conf_check_0/testbuild/debug/testprog
[0m['/usr/bin/g++', 'debug/test_1.o', '-o', '/home/user/NetBeansProjects/cis553_proj2/build/.conf_check_0/testbuild/debug/testprog', '-Wl,-Bsymbolic-functions', '-Wl,-z,relro', '-L/usr/lib', '-Wl,-Bdynamic', '-lpython2.7', '-lm', '-lpthread', '-ldl', '-lutil']
yes

---------------------------------------------------
Checking for program python2.7-config
  find program=['python2.7-config'] paths=[] var='PYTHON_CONFIG'
  -> '/usr/bin/python2.7-config'
Include path for Python extensions (found via python-config --includes): ['/usr/include/python2.7']

---------------------------------------------------
Checking for header Python.h
==>

#ifdef __cplusplus
extern "C" {
#endif
	void Py_Initialize(void);
	void Py_Finalize(void);
#ifdef __cplusplus
}
#endif
int main()
{
   Py_Initialize();
   Py_Finalize();
   return 0;
}

<==
[1/2] [32mcxx: ../build/.conf_check_0/test.cpp -> ../build/.conf_check_0/testbuild/debug/test_1.o
[0m['/usr/bin/g++', '-O0', '-ggdb', '-g3', '-fno-strict-aliasing', '-Idebug', '-I..', '-I/usr/include/python2.7', '-D_DEBUG', '-DNS3_ASSERT_ENABLE', '-DNS3_LOG_ENABLE', '../test.cpp', '-c', '-o', 'debug/test_1.o']
[2/2] [33mcxx_link: ../build/.conf_check_0/testbuild/debug/test_1.o -> ../build/.conf_check_0/testbuild/debug/testprog
[0m['/usr/bin/g++', 'debug/test_1.o', '-o', '/home/user/NetBeansProjects/cis553_proj2/build/.conf_check_0/testbuild/debug/testprog', '-Wl,-Bsymbolic-functions', '-Wl,-z,relro', '-L/usr/lib', '-Wl,-Bdynamic', '-lm', '-lpthread', '-ldl', '-lutil', '-lpython2.7']
yes
==>
#include <stdio.h>
int main() { return 0; }

<==
[1/2] [32mcxx: ../build/.conf_check_0/test.cc -> ../build/.conf_check_0/testbuild/debug/test_1.o
[0m['/usr/bin/g++', '-O0', '-ggdb', '-g3', '-fvisibility=hidden', '-Idebug', '-I..', '-D_DEBUG', '-DNS3_ASSERT_ENABLE', '-DNS3_LOG_ENABLE', '../test.cc', '-c', '-o', 'debug/test_1.o']
[2/2] [33mcxx_link: ../build/.conf_check_0/testbuild/debug/test_1.o -> ../build/.conf_check_0/testbuild/debug/testprog
[0m['/usr/bin/g++', 'debug/test_1.o', '-o', '/home/user/NetBeansProjects/cis553_proj2/build/.conf_check_0/testbuild/debug/testprog']

---------------------------------------------------
Checking for -fvisibility=hidden support
yes

---------------------------------------------------
Checking for pybindgen location 
not found

---------------------------------------------------
Checking for Python module pybindgen
not found

---------------------------------------------------
Checking for program mpic++
  find program=['mpic++'] paths=[] var='MPI'
  -> ''

---------------------------------------------------
Checking for program sudo
  find program=['sudo'] paths=[] var='SUDO'
  -> '/usr/bin/sudo'

---------------------------------------------------
Checking for program hg
  find program=['hg'] paths=[] var='MERCURIAL'
  -> '/usr/bin/hg'

---------------------------------------------------
Checking for program valgrind
  find program=['valgrind'] paths=[] var='VALGRIND'
  -> '/usr/bin/valgrind'

---------------------------------------------------
Checking for pkg-config flags for GSL 
not found
['/usr/bin/pkg-config', '--cflags', '--libs', 'gsl']: '' (exit code 1)
==>
#include <stdio.h>
int main() { return 0; }

<==
[1/2] [32mcxx: ../build/.conf_check_0/test.cc -> ../build/.conf_check_0/testbuild/debug/test_1.o
[0m['/usr/bin/g++', '-O0', '-ggdb', '-g3', '-Wno-error=deprecated-declarations', '-Idebug', '-I..', '-D_DEBUG', '-DNS3_ASSERT_ENABLE', '-DNS3_LOG_ENABLE', '../test.cc', '-c', '-o', 'debug/test_1.o']
[2/2] [33mcxx_link: ../build/.conf_check_0/testbuild/debug/test_1.o -> ../build/.conf_check_0/testbuild/debug/testprog
[0m['/usr/bin/g++', 'debug/test_1.o', '-o', '/home/user/NetBeansProjects/cis553_proj2/build/.conf_check_0/testbuild/debug/testprog']

-------------------------------------------------------
Checking for -Wno-error=deprecated-declarations support
yes
==>
#include <stdio.h>
int main() { return 0; }

<==
[1/2] [32mcc: ../build/.conf_check_0/test.c -> ../build/.conf_check_0/testbuild/debug/test_1.o
[0m['/usr/bin/gcc', '-O0', '-ggdb', '-g3', '-O0', '-ggdb', '-g3', '-Wno-error=deprecated-declarations', '-Idebug', '-I..', '-D_DEBUG', '-DNS3_ASSERT_ENABLE', '-DNS3_LOG_ENABLE', '../test.c', '-c', '-o', 'debug/test_1.o']
[2/2] [33mcc_link: ../build/.conf_check_0/testbuild/debug/test_1.o -> ../build/.conf_check_0/testbuild/debug/testprog
[0m['/usr/bin/gcc', 'debug/test_1.o', '-o', '/home/user/NetBeansProjects/cis553_proj2/build/.conf_check_0/testbuild/debug/testprog']

-------------------------------------------------------
Checking for -Wno-error=deprecated-declarations support
yes
==>
#include <stdio.h>
int main() { return 0; }

<==
[1/2] [32mcxx: ../build/.conf_check_0/test.cc -> ../build/.conf_check_0/testbuild/debug/test_1.o
[0m['/usr/bin/g++', '-O0', '-ggdb', '-g3', '-Wno-error=deprecated-declarations', '-fstrict-aliasing', '-Idebug', '-I..', '-D_DEBUG', '-DNS3_ASSERT_ENABLE', '-DNS3_LOG_ENABLE', '../test.cc', '-c', '-o', 'debug/test_1.o']
[2/2] [33mcxx_link: ../build/.conf_check_0/testbuild/debug/test_1.o -> ../build/.conf_check_0/testbuild/debug/testprog
[0m['/usr/bin/g++', 'debug/test_1.o', '-o', '/home/user/NetBeansProjects/cis553_proj2/build/.conf_check_0/testbuild/debug/testprog']

-------------------------------------------------------
Checking for -fstrict-aliasing support
yes
==>
#include <stdio.h>
int main() { return 0; }

<==
[1/2] [32mcc: ../build/.conf_check_0/test.c -> ../build/.conf_check_0/testbuild/debug/test_1.o
[0m['/usr/bin/gcc', '-O0', '-ggdb', '-g3', '-O0', '-ggdb', '-g3', '-Wno-error=deprecated-declarations', '-fstrict-aliasing', '-Idebug', '-I..', '-D_DEBUG', '-DNS3_ASSERT_ENABLE', '-DNS3_LOG_ENABLE', '../test.c', '-c', '-o', 'debug/test_1.o']
[2/2] [33mcc_link: ../build/.conf_check_0/testbuild/debug/test_1.o -> ../build/.conf_check_0/testbuild/debug/testprog
[0m['/usr/bin/gcc', 'debug/test_1.o', '-o', '/home/user/NetBeansProjects/cis553_proj2/build/.conf_check_0/testbuild/debug/testprog']

-------------------------------------------------------
Checking for -fstrict-aliasing support
yes
==>
#include <stdio.h>
int main() { return 0; }

<==
[1/2] [32mcxx: ../build/.conf_check_0/test.cc -> ../build/.conf_check_0/testbuild/debug/test_1.o
[0m['/usr/bin/g++', '-O0', '-ggdb', '-g3', '-Wno-error=deprecated-declarations', '-fstrict-aliasing', '-Wstrict-aliasing', '-Idebug', '-I..', '-D_DEBUG', '-DNS3_ASSERT_ENABLE', '-DNS3_LOG_ENABLE', '../test.cc', '-c', '-o', 'debug/test_1.o']
[2/2] [33mcxx_link: ../build/.conf_check_0/testbuild/debug/test_1.o -> ../build/.conf_check_0/testbuild/debug/testprog
[0m['/usr/bin/g++', 'debug/test_1.o', '-o', '/home/user/NetBeansProjects/cis553_proj2/build/.conf_check_0/testbuild/debug/testprog']

-------------------------------------------------------
Checking for -Wstrict-aliasing support
yes
==>
#include <stdio.h>
int main() { return 0; }

<==
[1/2] [32mcc: ../build/.conf_check_0/test.c -> ../build/.conf_check_0/testbuild/debug/test_1.o
[0m['/usr/bin/gcc', '-O0', '-ggdb', '-g3', '-O0', '-ggdb', '-g3', '-Wno-error=deprecated-declarations', '-fstrict-aliasing', '-Wstrict-aliasing', '-Idebug', '-I..', '-D_DEBUG', '-DNS3_ASSERT_ENABLE', '-DNS3_LOG_ENABLE', '../test.c', '-c', '-o', 'debug/test_1.o']
[2/2] [33mcc_link: ../build/.conf_check_0/testbuild/debug/test_1.o -> ../build/.conf_check_0/testbuild/debug/testprog
[0m['/usr/bin/gcc', 'debug/test_1.o', '-o', '/home/user/NetBeansProjects/cis553_proj2/build/.conf_check_0/testbuild/debug/testprog']

-------------------------------------------------------
Checking for -Wstrict-aliasing support
yes
