Time Pointer: 60000
Time Pointer: 70000
Time Pointer: 80000
Time Pointer: 90000
Time Pointer: 100000
Time Pointer: 110000
Time Pointer: 120000
Time Pointer: 150000
Time Pointer: 180000
Time Pointer: 210000
Time Pointer: 240000
Time Pointer: 270000
Time Pointer: 290000
Time Pointer: 350000

Command > 
*CHORD* Node: 0, Module: CHORD, Time: 60000 ms, Message: Creating Overlay


*CHORD* Node: 3, Module: CHORD, Time: 70000 ms, Message: Joining Overlay at 10.0.0.1


*CHORD* Node: 0, Module: CHORD, Time: 70002 ms, Message: Successor Found
Did join callback! Yay!! 3

*SEARCH* Node: 0, Module: PENNSEARCH, Time: 70804 ms, Message: Received Publish Request from 10.0.2.2

*CHORD* Node: 4, Module: CHORD, Time: 80000 ms, Message: Joining Overlay at 10.0.2.2


*CHORD* Node: 3, Module: CHORD, Time: 80002 ms, Message: Successor Found
Did join callback! Yay!! 4

*SEARCH* Node: 0, Module: PENNSEARCH, Time: 80810 ms, Message: Received Publish Request from 10.0.8.2

*CHORD* Node: 5, Module: CHORD, Time: 90000 ms, Message: Joining Overlay at 10.0.8.2


*CHORD* Node: 4, Module: CHORD, Time: 90006 ms, Message: Successor Found
Did join callback! Yay!! 5

*SEARCH* Node: 0, Module: PENNSEARCH, Time: 90817 ms, Message: Received Publish Request from 10.0.3.2

*CHORD* Node: 9, Module: CHORD, Time: 100000 ms, Message: Joining Overlay at 10.0.2.2


*CHORD* Node: 3, Module: CHORD, Time: 100004 ms, Message: No successor. Forwarding

*CHORD* Node: 4, Module: CHORD, Time: 100006 ms, Message: Successor Found
Did join callback! Yay!! 9

*SEARCH* Node: 5, Module: PENNSEARCH, Time: 100723 ms, Message: Received Publish Request from 10.0.5.2
key size: 1
doc size: 0

*SEARCH* Node: 9, Module: PENNSEARCH, Time: 150004 ms, Message: Searching for<HELP>
HELP
HELP

*CHORD* Node: 9, Module: CHORD, Time: 150004 ms, Message: 
LookupIssue <current:8d5c.8922.e2e9.c4.3ff7.1e10.efd7.1cc.7828.6aff, target: ee79.29ce.f18b.d10.7cbd.a8ca.28.846f.8487.ec62>

*CHORD* Node: 9, Module: CHORD, Time: 150004 ms, Message: Lookup No successor. Forwarding

*CHORD* Node: 5, Module: CHORD, Time: 150008 ms, Message: Lookup Successor Found

*SEARCH* Node: 9, Module: PENNSEARCH, Time: 150012 ms, Message: Lookup Success 2590930612, IP: 10.0.0.1

*SEARCH* Node: 9, Module: PENNSEARCH, Time: 150012 ms, Message: Search<HELP>
key size: 1
doc size: 0

*SEARCH* Node: 0, Module: PENNSEARCH, Time: 150014 ms, Message: Got SearchRes...Processing

*SEARCH* Node: 0, Module: PENNSEARCH, Time: 150014 ms, Message: SearchRes received from 10.0.5.2

*SEARCH* Node: 0, Module: PENNSEARCH, Time: 150014 ms, Message: 
SearchResults<1, "Empty List">

*SEARCH* Node: 1, Module: PENNSEARCH, Time: 150017 ms, Message: 
SearchResults<10.0.0.2, >
key size: 1
doc size: 0

*SEARCH* Node: 9, Module: PENNSEARCH, Time: 180004 ms, Message: Searching for<MAYBE>
MAYBE
MAYBE

*CHORD* Node: 9, Module: CHORD, Time: 180004 ms, Message: 
LookupIssue <current:8d5c.8922.e2e9.c4.3ff7.1e10.efd7.1cc.7828.6aff, target: cd98.a626.168.1ebf.fdd6.d074.792d.1725.861d.6929>

*CHORD* Node: 9, Module: CHORD, Time: 180004 ms, Message: Lookup No successor. Forwarding

*CHORD* Node: 5, Module: CHORD, Time: 180008 ms, Message: Lookup Successor Found

*SEARCH* Node: 9, Module: PENNSEARCH, Time: 180012 ms, Message: Lookup Success 2590930613, IP: 10.0.0.1

*SEARCH* Node: 9, Module: PENNSEARCH, Time: 180012 ms, Message: Search<MAYBE>
key size: 1
doc size: 0

*SEARCH* Node: 0, Module: PENNSEARCH, Time: 180014 ms, Message: Got SearchRes...Processing

*SEARCH* Node: 0, Module: PENNSEARCH, Time: 180014 ms, Message: SearchRes received from 10.0.5.2

*SEARCH* Node: 0, Module: PENNSEARCH, Time: 180014 ms, Message: 
SearchResults<1, RLM2, RLM3>

*SEARCH* Node: 1, Module: PENNSEARCH, Time: 180017 ms, Message: 
SearchResults<10.0.0.2, RLM2¸ŠÂ¿ð\b), RLM3x4õµ>
key size: 2
doc size: 0

*SEARCH* Node: 9, Module: PENNSEARCH, Time: 210004 ms, Message: Searching for<HELP, MAYBE>
HELP
HELP

*CHORD* Node: 9, Module: CHORD, Time: 210004 ms, Message: 
LookupIssue <current:8d5c.8922.e2e9.c4.3ff7.1e10.efd7.1cc.7828.6aff, target: ee79.29ce.f18b.d10.7cbd.a8ca.28.846f.8487.ec62>

*CHORD* Node: 9, Module: CHORD, Time: 210004 ms, Message: Lookup No successor. Forwarding

*CHORD* Node: 5, Module: CHORD, Time: 210008 ms, Message: Lookup Successor Found

*SEARCH* Node: 9, Module: PENNSEARCH, Time: 210012 ms, Message: Lookup Success 2590930614, IP: 10.0.0.1

*SEARCH* Node: 9, Module: PENNSEARCH, Time: 210012 ms, Message: Search<HELP, MAYBE>
key size: 2
doc size: 0

*SEARCH* Node: 0, Module: PENNSEARCH, Time: 210015 ms, Message: Got SearchRes...Processing

*SEARCH* Node: 0, Module: PENNSEARCH, Time: 210015 ms, Message: SearchRes received from 10.0.5.2

*SEARCH* Node: 0, Module: PENNSEARCH, Time: 210015 ms, Message: 
SearchResults<1, "Empty List">

*SEARCH* Node: 1, Module: PENNSEARCH, Time: 210017 ms, Message: 
SearchResults<10.0.0.2, >
key size: 1
doc size: 0

*SEARCH* Node: 9, Module: PENNSEARCH, Time: 240004 ms, Message: Searching for<HELP>
HELP
HELP

*CHORD* Node: 9, Module: CHORD, Time: 240004 ms, Message: 
LookupIssue <current:8d5c.8922.e2e9.c4.3ff7.1e10.efd7.1cc.7828.6aff, target: ee79.29ce.f18b.d10.7cbd.a8ca.28.846f.8487.ec62>

*CHORD* Node: 9, Module: CHORD, Time: 240004 ms, Message: Lookup No successor. Forwarding

*CHORD* Node: 5, Module: CHORD, Time: 240008 ms, Message: Lookup Successor Found

*SEARCH* Node: 9, Module: PENNSEARCH, Time: 240012 ms, Message: Lookup Success 2590930615, IP: 10.0.0.1

*SEARCH* Node: 9, Module: PENNSEARCH, Time: 240012 ms, Message: Search<HELP>
key size: 1
doc size: 0

*SEARCH* Node: 0, Module: PENNSEARCH, Time: 240014 ms, Message: Got SearchRes...Processing

*SEARCH* Node: 0, Module: PENNSEARCH, Time: 240014 ms, Message: SearchRes received from 10.0.5.2

*SEARCH* Node: 0, Module: PENNSEARCH, Time: 240014 ms, Message: 
SearchResults<1, "Empty List">

*SEARCH* Node: 1, Module: PENNSEARCH, Time: 240017 ms, Message: 
SearchResults<10.0.0.2, >
key size: 2
doc size: 0

*SEARCH* Node: 9, Module: PENNSEARCH, Time: 270004 ms, Message: Searching for<HELP, MAYBE>
HELP
HELP

*CHORD* Node: 9, Module: CHORD, Time: 270004 ms, Message: 
LookupIssue <current:8d5c.8922.e2e9.c4.3ff7.1e10.efd7.1cc.7828.6aff, target: ee79.29ce.f18b.d10.7cbd.a8ca.28.846f.8487.ec62>

*CHORD* Node: 9, Module: CHORD, Time: 270004 ms, Message: Lookup No successor. Forwarding

*CHORD* Node: 5, Module: CHORD, Time: 270008 ms, Message: Lookup Successor Found

*SEARCH* Node: 9, Module: PENNSEARCH, Time: 270012 ms, Message: Lookup Success 2590930616, IP: 10.0.0.1

*SEARCH* Node: 9, Module: PENNSEARCH, Time: 270012 ms, Message: Search<HELP, MAYBE>
key size: 2
doc size: 0

*SEARCH* Node: 0, Module: PENNSEARCH, Time: 270015 ms, Message: Got SearchRes...Processing

*SEARCH* Node: 0, Module: PENNSEARCH, Time: 270015 ms, Message: SearchRes received from 10.0.5.2

*SEARCH* Node: 0, Module: PENNSEARCH, Time: 270015 ms, Message: 
SearchResults<1, "Empty List">

*SEARCH* Node: 1, Module: PENNSEARCH, Time: 270017 ms, Message: 
SearchResults<10.0.0.2, >
key size: 2
doc size: 0

*SEARCH* Node: 9, Module: PENNSEARCH, Time: 290004 ms, Message: Searching for<MAYBE, HELP>
MAYBE
MAYBE

*CHORD* Node: 9, Module: CHORD, Time: 290004 ms, Message: 
LookupIssue <current:8d5c.8922.e2e9.c4.3ff7.1e10.efd7.1cc.7828.6aff, target: cd98.a626.168.1ebf.fdd6.d074.792d.1725.861d.6929>

*CHORD* Node: 9, Module: CHORD, Time: 290004 ms, Message: Lookup No successor. Forwarding

*CHORD* Node: 5, Module: CHORD, Time: 290008 ms, Message: Lookup Successor Found

*SEARCH* Node: 9, Module: PENNSEARCH, Time: 290012 ms, Message: Lookup Success 2590930617, IP: 10.0.0.1

*SEARCH* Node: 9, Module: PENNSEARCH, Time: 290012 ms, Message: Search<MAYBE, HELP>
key size: 2
doc size: 0

*SEARCH* Node: 0, Module: PENNSEARCH, Time: 290015 ms, Message: Got SearchRes...Processing

*SEARCH* Node: 0, Module: PENNSEARCH, Time: 290015 ms, Message: SearchRes received from 10.0.5.2

*CHORD* Node: 0, Module: CHORD, Time: 290015 ms, Message: 
LookupIssue <current:1dc0.b422.3e18.7a10.c52f.f6a8.48df.9057.10fb.beaa, target: ee79.29ce.f18b.d10.7cbd.a8ca.28.846f.8487.ec62>

*CHORD* Node: 0, Module: CHORD, Time: 290015 ms, Message: Lookup No successor. Forwarding

*CHORD* Node: 3, Module: CHORD, Time: 290017 ms, Message: Lookup No successor. Forwarding

*CHORD* Node: 4, Module: CHORD, Time: 290019 ms, Message: Lookup No successor. Forwarding

*CHORD* Node: 9, Module: CHORD, Time: 290025 ms, Message: Lookup No successor. Forwarding

*CHORD* Node: 5, Module: CHORD, Time: 290030 ms, Message: Lookup Successor Found

*SEARCH* Node: 0, Module: PENNSEARCH, Time: 290032 ms, Message: Lookup Success 3151527161, IP: 10.0.0.1

*SEARCH* Node: 0, Module: PENNSEARCH, Time: 290032 ms, Message: InvertedListShip<HELP, RLM2, RLM3>
key size: 1
doc size: 2

*SEARCH* Node: 0, Module: PENNSEARCH, Time: 290032 ms, Message: Got SearchRes...Processing

*SEARCH* Node: 0, Module: PENNSEARCH, Time: 290032 ms, Message: SearchRes received from 10.0.0.1

*DEBUG* Node: 0, Module: PENNSEARCH, Time: 290032 ms, Message: Keyword not found at node

*SEARCH* Node: 0, Module: PENNSEARCH, Time: 290032 ms, Message: 
SearchResults<1, "Empty List">

*SEARCH* Node: 1, Module: PENNSEARCH, Time: 290034 ms, Message: 
SearchResults<10.0.0.2, RLM2¸ŠÂ¿ð\b, RLM3¸ŠÂ¿øÙb)>

*CHORD* Node: 0, Module: CHORD, Time: 350000 ms, Message: Average hop count: 1.42857


*CHORD* Node: 1, Module: CHORD, Time: 350000 ms, Message: Average hop count: 1.42857


*CHORD* Node: 2, Module: CHORD, Time: 350000 ms, Message: Average hop count: 1.42857


*CHORD* Node: 3, Module: CHORD, Time: 350000 ms, Message: Average hop count: 1.42857


*CHORD* Node: 4, Module: CHORD, Time: 350000 ms, Message: Average hop count: 1.42857


*CHORD* Node: 5, Module: CHORD, Time: 350000 ms, Message: Average hop count: 1.42857


*CHORD* Node: 6, Module: CHORD, Time: 350000 ms, Message: Average hop count: 1.42857


*CHORD* Node: 7, Module: CHORD, Time: 350000 ms, Message: Average hop count: 1.42857


*CHORD* Node: 8, Module: CHORD, Time: 350000 ms, Message: Average hop count: 1.42857


*CHORD* Node: 9, Module: CHORD, Time: 350000 ms, Message: Average hop count: 1.42857

